1730553210527:admin-setup
1730553242694:exit
1730553508501:register-admin
1730554640970:elp
1730554642549:help
1730554769938:list-admins
1730554781449:register-admin
1730554824728:register-admin --firstName Chris --lastName Hughes --email chris@chris.com --password secret
1730555575057:register-admin --firstName Chris --lastName Hughes --password secret --email chris@chrishughes.com
1730556338972:register-admin --firstName chris --lastName hughes --email chris@chris.com --password secret
1730556381084:register-admin --firstName "ch is" --lastName hughes --email chris --pasword secret
1730556410184:register-admin --firstName "ch is" --lastName hughes --email chris --password secret
1730556419071:stacktrace
1730556653101:register-admin -f chris -l hughes -e chris@chris.com -p secret
1730557107169:help
1730557423052:register-admin -f chris -l hughes -e chris@chris.com -p secret
1730557426314:stacktrace
1730557545760:register-admin -f chris -l hughes -e "chris@chris.com" -p secret
1730557549468:stacktrace
1730557628178:register-admin -f chris -l hughes -e chris@chris.com -p secret
1730557723363:register-user -f chris -l hughes -e chris@chris.com -p secret
1730557745963:register-admin -f chris -l hughes -e chris@chris.com -p secret
1730557758508:stacktrace
1730557797347:register-admin -f chris -l hughes -e test@test.com -p secret
1730557831584:register-admin -f chris -l hughes -e testtwo@test.com -p secret
1730558336358:help
1730558349431:delete-users
1730559085816:register-admin -f "ch is" -l hughes -e foo -p secret
1730559184188:history
1730559908425:register-admin -f chris -l hughes -e chris@chris-hughes.dev -p secret
1730559915165:list-admins
1730559921976:stacktrace
1730560006959:list-admins
1730560251295:stacktrace
1730560310323:register-admin -f chris -l hughes -e chirs@chris-hughes.dev -p secret
1730560315547:list-admins
1730561226173:register-admin -f chris -l hughes -e chris@chris-hughes.dev -p secret
1730561230503:list-admins
1730561282767:stacktrace
1730561385650:list-admins
1730562485856:help
1730562496165:delete-admins 1
1730562916953:list-admins
1730562939529:register-admin -f chris -l hughes -e chris@chris-hughes.dev -p secret
1730563432377:list-admins
1730563446653:register-admin -f chris -l hughes -e chris@chris.com -p secret
1730563459968:list-admins
1730563464211:help
1730563469307:delete-admins 1
1730563474781:list-admins
1730585431766:register-admin
1730585469132:register-admin -f Chris -l Hughes -e chris@chris-hughes.dev -p secret
1730585475463:list-admins
1730670777289:register-admin -f Chris -l Hughes -e chris@chris-hughes.dev -p secret -u -t
1730670833368:register-admin -f Chris -l Hughes -e chris@chris-hguhes.dev -p secret -u -t
1730670902610:help
1730670912691:delete-user 52
1730670944490:register-admin -f Chris -l Hughes -e chris@chris-hughes.dev -p secret
1730673532677:help
1730673540405:delete-user 53
1730673570801:register-admin -f Chris -l Hughes -e chris@chris-hughes.dev -p -u -t
1730673601002:register-admin -f Chris -l Hughes -e chris@chris-hughes.dev -p secret -u -t
1730673606787:stacktrace
1730673725178:register-user -f Chris -l Hughes -e chris@chris-hughes.dev -p secret -u -t
1730673752263:register-admin -f Chris -l Hughes -e chris@chris-hughes.dev -p secret -u -t
1730673756395:stacktrace
1730673943369:register-admin -f Chris -l Hughes -e chris@chris-hughes.dev -p secret -u -t
1730673991172:stacktrace
1730674464841:register-admin -f Chris -l Hughes -e chris@chris-hughes.dev -p secret -u -t
1730674482357:stacktrace
1730674574506:register-admin -f Chris -l Hughes -e chris@chris-hughes.dev -p secret -u -t
1730674740544:stacktrace
1730676479888:register-admin -f Chris -l Hughes -e chris@chris-hughes.dev -p secret -u -t
1731282115442:it
1731282116791:quit
1731289697993:help
1731289701904:seed-data
1731289709346:full stacktrace
1731289713090:stacktrace
1731289906541:seed-data
1731290176044:>seed-data
1731290179889:seed-data
1731290191336:stacktrace
1731290443269:seed-data
1731292311743:>seed-data
1731292316450:seed-data
1731424819342:stacktrace
1731425139418:seed-data
1731459107669:quit
1731462048701:delete-database
1731462056880:seed-data
1731506397147:delete-data
1731506400690:help
1731506406133:delete-database
1731506462750:seed-data
1731507310236:del;ete-database
1731507315110:delete-database
1731507318715:seed-data
1732554303379:list-admins
1732582648252:seed-data
1732582653162:list-admins
1732582664368:ad
1732582668395:help
1732582697741:register-admin -
1732582759217:register-admin -f Chris -l Hughes -e all@all.com -p secret -u -t
